Updated on Sat Feb  8 08:57:26 UTC 2025
Updated on Sun Feb  9 08:54:44 UTC 2025
Updated on Mon Feb 10 08:54:16 UTC 2025
Updated on Tue Feb 11 08:54:20 UTC 2025
Updated on Wed Feb 12 08:54:13 UTC 2025
Updated on Thu Feb 13 08:54:17 UTC 2025
Updated on Fri Feb 14 08:54:48 UTC 2025
Updated on Sat Feb 15 08:54:15 UTC 2025
Updated on Sun Feb 16 08:54:13 UTC 2025
Updated on Mon Feb 17 08:54:40 UTC 2025
Updated on Tue Feb 18 08:54:29 UTC 2025
Updated on Wed Feb 19 08:54:33 UTC 2025
Updated on Thu Feb 20 08:54:28 UTC 2025
Updated on Fri Feb 21 08:54:14 UTC 2025
Updated on Sat Feb 22 08:54:30 UTC 2025
Updated on Sun Feb 23 08:54:31 UTC 2025
Updated on Mon Feb 24 08:54:31 UTC 2025
Updated on Tue Feb 25 08:54:37 UTC 2025
Updated on Wed Feb 26 08:54:14 UTC 2025
Updated on Thu Feb 27 08:54:33 UTC 2025
Updated on Fri Feb 28 08:54:19 UTC 2025
Updated on Sat Mar  1 08:54:42 UTC 2025
Updated on Sun Mar  2 08:54:14 UTC 2025
Updated on Mon Mar  3 08:54:17 UTC 2025
Updated on Tue Mar  4 08:55:05 UTC 2025
Updated on Wed Mar  5 08:54:14 UTC 2025
Updated on Thu Mar  6 08:54:31 UTC 2025
Updated on Fri Mar  7 08:54:25 UTC 2025
Updated on Sat Mar  8 08:54:09 UTC 2025
Updated on Sun Mar  9 08:54:39 UTC 2025
Updated on Mon Mar 10 08:54:23 UTC 2025
Updated on Tue Mar 11 08:54:25 UTC 2025
Updated on Wed Mar 12 08:54:36 UTC 2025
Updated on Thu Mar 13 08:56:08 UTC 2025
Updated on Fri Mar 14 08:54:32 UTC 2025
Updated on Sat Mar 15 08:54:37 UTC 2025
Updated on Sun Mar 16 08:54:25 UTC 2025
Updated on Mon Mar 17 08:54:32 UTC 2025
Updated on Tue Mar 18 08:55:13 UTC 2025
Updated on Wed Mar 19 08:55:30 UTC 2025
Updated on Thu Mar 20 08:54:27 UTC 2025
Updated on Fri Mar 21 08:54:36 UTC 2025
Updated on Sat Mar 22 08:54:24 UTC 2025
Updated on Sun Mar 23 08:54:27 UTC 2025
Updated on Mon Mar 24 08:54:49 UTC 2025
Updated on Tue Mar 25 08:54:58 UTC 2025
Updated on Wed Mar 26 08:55:23 UTC 2025
Updated on Thu Mar 27 08:54:24 UTC 2025
Updated on Fri Mar 28 08:54:40 UTC 2025
Updated on Sat Mar 29 08:54:27 UTC 2025
Updated on Sun Mar 30 08:54:24 UTC 2025
Updated on Mon Mar 31 08:55:37 UTC 2025
Updated on Tue Apr  1 08:56:18 UTC 2025
Updated on Wed Apr  2 08:56:37 UTC 2025
Updated on Thu Apr  3 08:55:14 UTC 2025
Updated on Fri Apr  4 08:55:08 UTC 2025
Updated on Sat Apr  5 08:54:13 UTC 2025
Updated on Sun Apr  6 08:54:34 UTC 2025
Updated on Mon Apr  7 08:56:08 UTC 2025
Updated on Tue Apr  8 08:56:15 UTC 2025
Updated on Wed Apr  9 08:57:08 UTC 2025
Updated on Thu Apr 10 08:56:18 UTC 2025
Updated on Fri Apr 11 08:55:15 UTC 2025
Updated on Sat Apr 12 08:54:11 UTC 2025
Updated on Sun Apr 13 08:54:31 UTC 2025
Updated on Mon Apr 14 08:56:08 UTC 2025
Updated on Tue Apr 15 08:57:05 UTC 2025
Updated on Wed Apr 16 08:56:52 UTC 2025
Updated on Thu Apr 17 08:56:09 UTC 2025
Updated on Fri Apr 18 08:54:50 UTC 2025
Updated on Sat Apr 19 08:54:27 UTC 2025
Updated on Sun Apr 20 08:54:19 UTC 2025
Updated on Mon Apr 21 08:57:22 UTC 2025
Updated on Tue Apr 22 08:56:12 UTC 2025
Updated on Wed Apr 23 08:57:32 UTC 2025
Updated on Thu Apr 24 08:56:31 UTC 2025
Updated on Fri Apr 25 08:57:03 UTC 2025
Updated on Sat Apr 26 08:54:16 UTC 2025
Updated on Sun Apr 27 08:54:20 UTC 2025
Updated on Mon Apr 28 10:41:12 UTC 2025
Updated on Tue Apr 29 08:57:22 UTC 2025
Updated on Wed Apr 30 08:56:25 UTC 2025
Updated on Thu May  1 08:56:13 UTC 2025
Updated on Fri May  2 08:56:04 UTC 2025
Updated on Sat May  3 08:54:26 UTC 2025
Updated on Sun May  4 08:54:19 UTC 2025
Updated on Mon May  5 08:57:24 UTC 2025
Updated on Tue May  6 08:57:02 UTC 2025
Updated on Wed May  7 08:58:01 UTC 2025
Updated on Thu May  8 08:57:15 UTC 2025
Updated on Fri May  9 08:56:36 UTC 2025
Updated on Sat May 10 08:54:36 UTC 2025
Updated on Sun May 11 08:55:59 UTC 2025
Updated on Mon May 12 08:57:34 UTC 2025
Updated on Tue May 13 08:58:03 UTC 2025
Updated on Wed May 14 08:57:40 UTC 2025
Updated on Thu May 15 08:57:17 UTC 2025
Updated on Fri May 16 08:57:00 UTC 2025
Updated on Sat May 17 08:54:25 UTC 2025
Updated on Sun May 18 08:54:25 UTC 2025
Updated on Mon May 19 08:58:21 UTC 2025
Updated on Tue May 20 08:58:42 UTC 2025
Updated on Wed May 21 08:57:33 UTC 2025
Updated on Thu May 22 08:57:15 UTC 2025
Updated on Fri May 23 08:57:01 UTC 2025
Updated on Sat May 24 08:54:14 UTC 2025
Updated on Sun May 25 08:55:18 UTC 2025
Updated on Mon May 26 09:35:32 UTC 2025
Updated on Tue May 27 08:58:12 UTC 2025
Updated on Wed May 28 08:58:29 UTC 2025
Updated on Thu May 29 08:57:30 UTC 2025
Updated on Fri May 30 08:57:07 UTC 2025
Updated on Sat May 31 08:54:48 UTC 2025
Updated on Sun Jun  1 08:57:14 UTC 2025
Updated on Mon Jun  2 08:58:20 UTC 2025
Updated on Tue Jun  3 08:59:10 UTC 2025
Updated on Wed Jun  4 08:58:52 UTC 2025
Updated on Thu Jun  5 08:58:05 UTC 2025
Updated on Fri Jun  6 08:57:26 UTC 2025
Updated on Sat Jun  7 08:54:18 UTC 2025
Updated on Sun Jun  8 08:55:52 UTC 2025
Updated on Mon Jun  9 08:58:50 UTC 2025
Updated on Tue Jun 10 08:59:18 UTC 2025
Updated on Wed Jun 11 08:59:36 UTC 2025
